#
# There is insufficient memory for the Java Runtime Environment to continue.
# Native memory allocation (malloc) failed to allocate 734656 bytes for Chunk::new
# Possible reasons:
#   The system is out of physical RAM or swap space
#   In 32 bit mode, the process size limit was hit
# Possible solutions:
#   Reduce memory load on the system
#   Increase physical memory or swap space
#   Check if swap backing store is full
#   Use 64 bit Java on a 64 bit OS
#   Decrease Java heap size (-Xmx/-Xms)
#   Decrease number of Java threads
#   Decrease Java thread stack sizes (-Xss)
#   Set larger code cache with -XX:ReservedCodeCacheSize=
# This output file may be truncated or incomplete.
#
#  Out of Memory Error (allocation.cpp:390), pid=15856, tid=0x0000000000003e48
#
# JRE version: OpenJDK Runtime Environment (8.0_152-b02) (build 1.8.0_152-release-1024-b02)
# Java VM: OpenJDK 64-Bit Server VM (25.152-b02 mixed mode windows-amd64 compressed oops)
# Failed to write core dump. Minidumps are not enabled by default on client versions of Windows
#

---------------  T H R E A D  ---------------

Current thread (0x0000000014995000):  JavaThread "C2 CompilerThread1" daemon [_thread_in_native, id=15944, stack(0x0000000016200000,0x0000000016300000)]

Stack: [0x0000000016200000,0x0000000016300000]
[error occurred during error reporting (printing stack bounds), id 0xc0000005]

Native frames: (J=compiled Java code, j=interpreted, Vv=VM code, C=native code)


Current CompileTask:
C2:   6270  888       4       org.objectweb.asm.ClassReader::a (3587 bytes)


---------------  P R O C E S S  ---------------

Java Threads: ( => current thread )
  0x000000001630b000 JavaThread "Service Thread" daemon [_thread_blocked, id=20004, stack(0x0000000016800000,0x0000000016900000)]
  0x0000000016308800 JavaThread "C1 CompilerThread2" daemon [_thread_blocked, id=17668, stack(0x0000000016700000,0x0000000016800000)]
=>0x0000000014995000 JavaThread "C2 CompilerThread1" daemon [_thread_in_native, id=15944, stack(0x0000000016200000,0x0000000016300000)]
  0x000000001498f000 JavaThread "C2 CompilerThread0" daemon [_thread_in_native, id=21216, stack(0x0000000016100000,0x0000000016200000)]
  0x000000001498e000 JavaThread "Attach Listener" daemon [_thread_blocked, id=2396, stack(0x0000000016000000,0x0000000016100000)]
  0x000000001498c800 JavaThread "Signal Dispatcher" daemon [_thread_blocked, id=14760, stack(0x0000000015f00000,0x0000000016000000)]
  0x000000001497e800 JavaThread "Finalizer" daemon [_thread_blocked, id=12184, stack(0x0000000015be0000,0x0000000015ce0000)]
  0x0000000004595800 JavaThread "Reference Handler" daemon [_thread_blocked, id=3552, stack(0x0000000015ae0000,0x0000000015be0000)]
  0x00000000044a5000 JavaThread "main" [_thread_in_Java, id=11888, stack(0x0000000004390000,0x0000000004490000)]

Other Threads:
  0x0000000014955800 VMThread [stack: 0x00000000159e0000,0x0000000015ae0000] [id=13960]
  0x000000001630c800 WatcherThread [stack: 0x0000000016900000,0x0000000016a00000] [id=18500]

VM state:not at safepoint (normal execution)

VM Mutex/Monitor currently owned by a thread: None

Heap:
 PSYoungGen      total 18944K, used 4279K [0x00000000feb00000, 0x0000000100000000, 0x0000000100000000)
  eden space 16384K, 10% used [0x00000000feb00000,0x00000000fecaf520,0x00000000ffb00000)
  from space 2560K, 99% used [0x00000000ffd80000,0x00000000ffffe800,0x0000000100000000)
  to   space 2560K, 0% used [0x00000000ffb00000,0x00000000ffb00000,0x00000000ffd80000)
 ParOldGen       total 44032K, used 4944K [0x00000000fc000000, 0x00000000feb00000, 0x00000000feb00000)
  object space 44032K, 11% used [0x00000000fc000000,0x00000000fc4d4050,0x00000000feb00000)
 Metaspace       used 7529K, capacity 7704K, committed 7936K, reserved 1056768K
  class space    used 868K, capacity 956K, committed 1024K, reserved 1048576K

Card table byte_map: [0x0000000013970000,0x00000000139a0000] byte_map_base: 0x0000000013190000

Marking Bits: (ParMarkBitMap*) 0x000000005dab4970
 Begin Bits: [0x0000000013dc0000, 0x0000000013ec0000)
 End Bits:   [0x0000000013ec0000, 0x0000000013fc0000)

Polling page: 0x0000000004360000

CodeCache: size=245760Kb used=3607Kb max_used=3607Kb free=242152Kb
 bounds [0x00000000045b0000, 0x0000000004940000, 0x00000000135b0000]
 total_blobs=1278 nmethods=948 adapters=245
 compilation: enabled

Compilation events (10 events):
Event: 6.084 Thread 0x0000000016308800  909       3       com.google.common.base.Preconditions::checkNotNull (35 bytes)
Event: 6.085 Thread 0x0000000016308800 nmethod 909 0x000000000490a710 code [0x000000000490a8c0, 0x000000000490af18]
Event: 6.085 Thread 0x0000000016308800  910       3       com.google.devtools.build.android.desugar.LambdaDesugaring$InvokedynamicRewriter::visitEnd (9 bytes)
Event: 6.085 Thread 0x0000000016308800 nmethod 910 0x0000000004903850 code [0x00000000049039c0, 0x0000000004903bc8]
Event: 6.085 Thread 0x0000000016308800  912       3       com.google.devtools.build.android.desugar.LambdaDesugaring$InvokedynamicRewriter::<init> (42 bytes)
Event: 6.087 Thread 0x0000000016308800 nmethod 912 0x0000000004909910 code [0x0000000004909ae0, 0x000000000490a2c8]
Event: 6.087 Thread 0x0000000016308800  907       3       org.objectweb.asm.Label::a (93 bytes)
Event: 6.087 Thread 0x0000000016308800 nmethod 907 0x0000000004909190 code [0x0000000004909300, 0x0000000004909748]
Event: 6.087 Thread 0x0000000016308800  905       3       org.objectweb.asm.MethodWriter::visitTypeInsn (118 bytes)
Event: 6.089 Thread 0x0000000016308800 nmethod 905 0x0000000004908910 code [0x0000000004908ac0, 0x0000000004908f48]

GC Heap History (2 events):
Event: 3.512 GC heap before
{Heap before GC invocations=1 (full 0):
 PSYoungGen      total 18944K, used 16384K [0x00000000feb00000, 0x0000000100000000, 0x0000000100000000)
  eden space 16384K, 100% used [0x00000000feb00000,0x00000000ffb00000,0x00000000ffb00000)
  from space 2560K, 0% used [0x00000000ffd80000,0x00000000ffd80000,0x0000000100000000)
  to   space 2560K, 0% used [0x00000000ffb00000,0x00000000ffb00000,0x00000000ffd80000)
 ParOldGen       total 44032K, used 0K [0x00000000fc000000, 0x00000000feb00000, 0x00000000feb00000)
  object space 44032K, 0% used [0x00000000fc000000,0x00000000fc000000,0x00000000feb00000)
 Metaspace       used 6511K, capacity 6666K, committed 6784K, reserved 1056768K
  class space    used 769K, capacity 823K, committed 896K, reserved 1048576K
Event: 3.525 GC heap after
Heap after GC invocations=1 (full 0):
 PSYoungGen      total 18944K, used 2528K [0x00000000feb00000, 0x0000000100000000, 0x0000000100000000)
  eden space 16384K, 0% used [0x00000000feb00000,0x00000000feb00000,0x00000000ffb00000)
  from space 2560K, 98% used [0x00000000ffb00000,0x00000000ffd78030,0x00000000ffd80000)
  to   space 2560K, 0% used [0x00000000ffd80000,0x00000000ffd80000,0x0000000100000000)
 ParOldGen       total 44032K, used 1656K [0x00000000fc000000, 0x00000000feb00000, 0x00000000feb00000)
  object space 44032K, 3% used [0x00000000fc000000,0x00000000fc19e300,0x00000000feb00000)
 Metaspace       used 6511K, capacity 6666K, committed 6784K, reserved 1056768K
  class space    used 769K, capacity 823K, committed 896K, reserved 1048576K
}

Deoptimization events (10 events):
Event: 3.160 Thread 0x00000000044a5000 Uncommon trap: reason=unstable_if action=reinterpret pc=0x0000000004745338 method=java.lang.String.startsWith(Ljava/lang/String;I)Z @ 25
Event: 3.383 Thread 0x00000000044a5000 Uncommon trap: reason=unstable_if action=reinterpret pc=0x00000000047d2aac method=java.util.zip.ZipFile$ZipEntryIterator.hasNext()Z @ 25
Event: 3.384 Thread 0x00000000044a5000 Uncommon trap: reason=unstable_if action=reinterpret pc=0x00000000047db798 method=java.util.zip.ZipCoder.decoder()Ljava/nio/charset/CharsetDecoder; @ 4
Event: 3.384 Thread 0x00000000044a5000 Uncommon trap: reason=unstable_if action=reinterpret pc=0x00000000047d25d8 method=java.util.zip.ZipEntry.setExtra0([BZ)V @ 1
Event: 3.399 Thread 0x00000000044a5000 Uncommon trap: reason=unstable_if action=reinterpret pc=0x00000000047cf588 method=java.util.zip.ZipFile$ZipEntryIterator.hasNext()Z @ 25
Event: 3.400 Thread 0x00000000044a5000 Uncommon trap: reason=unstable_if action=reinterpret pc=0x00000000047d7298 method=java.util.zip.ZipCoder.decoder()Ljava/nio/charset/CharsetDecoder; @ 4
Event: 3.408 Thread 0x00000000044a5000 Uncommon trap: reason=unstable_if action=reinterpret pc=0x00000000047d3820 method=java.util.zip.ZipCoder.decoder()Ljava/nio/charset/CharsetDecoder; @ 4
Event: 3.643 Thread 0x00000000044a5000 Uncommon trap: reason=unstable_if action=reinterpret pc=0x00000000047e4998 method=java.util.zip.ZipFile.getZipEntry(Ljava/lang/String;J)Ljava/util/zip/ZipEntry; @ 19
Event: 4.235 Thread 0x00000000044a5000 Uncommon trap: reason=unloaded action=reinterpret pc=0x00000000047d943c method=java.util.zip.ZipEntry.setExtra0([BZ)V @ 37
Event: 5.438 Thread 0x00000000044a5000 Uncommon trap: reason=unstable_if action=reinterpret pc=0x0000000004866ec4 method=java.lang.String.<init>([CII)V @ 18

Classes redefined (0 events):
No events

Internal exceptions (10 events):
Event: 3.408 Thread 0x00000000044a5000 Implicit null exception at 0x00000000047d3229 to 0x00000000047d37f1
Event: 3.721 Thread 0x00000000044a5000 Exception <a 'sun/nio/fs/WindowsException'> (0x00000000ff13bd68) thrown at [D:\src\AOSP-openjdk-cygwin\jdk8u\hotspot\src\share\vm\prims\jni.cpp, line 709]
Event: 3.721 Thread 0x00000000044a5000 Exception <a 'sun/nio/fs/WindowsException'> (0x00000000ff13c338) thrown at [D:\src\AOSP-openjdk-cygwin\jdk8u\hotspot\src\share\vm\prims\jni.cpp, line 709]
Event: 3.721 Thread 0x00000000044a5000 Exception <a 'sun/nio/fs/WindowsException'> (0x00000000ff13c930) thrown at [D:\src\AOSP-openjdk-cygwin\jdk8u\hotspot\src\share\vm\prims\jni.cpp, line 709]
Event: 3.722 Thread 0x00000000044a5000 Exception <a 'sun/nio/fs/WindowsException'> (0x00000000ff13d100) thrown at [D:\src\AOSP-openjdk-cygwin\jdk8u\hotspot\src\share\vm\prims\jni.cpp, line 709]
Event: 3.722 Thread 0x00000000044a5000 Exception <a 'sun/nio/fs/WindowsException'> (0x00000000ff13d6d0) thrown at [D:\src\AOSP-openjdk-cygwin\jdk8u\hotspot\src\share\vm\prims\jni.cpp, line 709]
Event: 3.722 Thread 0x00000000044a5000 Exception <a 'sun/nio/fs/WindowsException'> (0x00000000ff13de90) thrown at [D:\src\AOSP-openjdk-cygwin\jdk8u\hotspot\src\share\vm\prims\jni.cpp, line 709]
Event: 3.772 Thread 0x00000000044a5000 Exception <a 'sun/nio/fs/WindowsException'> (0x00000000ff1432f8) thrown at [D:\src\AOSP-openjdk-cygwin\jdk8u\hotspot\src\share\vm\prims\jni.cpp, line 709]
Event: 4.326 Thread 0x00000000044a5000 Exception <a 'sun/nio/fs/WindowsException'> (0x00000000ff4ec208) thrown at [D:\src\AOSP-openjdk-cygwin\jdk8u\hotspot\src\share\vm\prims\jni.cpp, line 709]
Event: 4.328 Thread 0x00000000044a5000 Exception <a 'sun/nio/fs/WindowsException'> (0x00000000ff4ec7c0) thrown at [D:\src\AOSP-openjdk-cygwin\jdk8u\hotspot\src\share\vm\prims\jni.cpp, line 709]

Events (10 events):
Event: 4.700 loading class org/objectweb/asm/Opcodes done
Event: 4.711 loading class org/objectweb/asm/Edge
Event: 4.711 loading class org/objectweb/asm/Edge done
Event: 5.317 loading class org/objectweb/asm/tree/TryCatchBlockNode
Event: 5.317 loading class org/objectweb/asm/tree/TryCatchBlockNode done
Event: 5.318 loading class org/objectweb/asm/Handler
Event: 5.318 loading class org/objectweb/asm/Handler done
Event: 5.438 Thread 0x00000000044a5000 Uncommon trap: trap_request=0xffffff65 fr.pc=0x0000000004866ec4
Event: 5.438 Thread 0x00000000044a5000 DEOPT PACKING pc=0x0000000004866ec4 sp=0x000000000448e690
Event: 5.438 Thread 0x00000000044a5000 DEOPT UNPACKING pc=0x00000000045f557b sp=0x000000000448e538 mode 2


Dynamic libraries:
0x00007ff755810000 - 0x00007ff755841000 	C:\Program Files\Android\Android Studio\jre\bin\java.exe
0x00007ffc0bf40000 - 0x00007ffc0c120000 	C:\WINDOWS\SYSTEM32\ntdll.dll
0x00007ffc0bd30000 - 0x00007ffc0bdde000 	C:\WINDOWS\System32\KERNEL32.DLL
0x00007ffc08340000 - 0x00007ffc085a6000 	C:\WINDOWS\System32\KERNELBASE.dll
0x00007ffc0b920000 - 0x00007ffc0b9c1000 	C:\WINDOWS\System32\ADVAPI32.dll
0x00007ffc0b300000 - 0x00007ffc0b39d000 	C:\WINDOWS\System32\msvcrt.dll
0x00007ffc0bde0000 - 0x00007ffc0be3b000 	C:\WINDOWS\System32\sechost.dll
0x00007ffc0b6d0000 - 0x00007ffc0b7ef000 	C:\WINDOWS\System32\RPCRT4.dll
0x00007ffc0b9d0000 - 0x00007ffc0bb5f000 	C:\WINDOWS\System32\USER32.dll
0x00007ffc08b90000 - 0x00007ffc08bb0000 	C:\WINDOWS\System32\win32u.dll
0x00007ffc09c10000 - 0x00007ffc09c38000 	C:\WINDOWS\System32\GDI32.dll
0x00007ffc087a0000 - 0x00007ffc08933000 	C:\WINDOWS\System32\gdi32full.dll
0x00007ffc086b0000 - 0x00007ffc0874b000 	C:\WINDOWS\System32\msvcp_win.dll
0x00007ffc085b0000 - 0x00007ffc086a6000 	C:\WINDOWS\System32\ucrtbase.dll
0x00007ffbfcc90000 - 0x00007ffbfcef9000 	C:\WINDOWS\WinSxS\amd64_microsoft.windows.common-controls_6595b64144ccf1df_6.0.16299.431_none_15c7d3ee93659e73\COMCTL32.dll
0x00007ffc09900000 - 0x00007ffc09c08000 	C:\WINDOWS\System32\combase.dll
0x00007ffc08b10000 - 0x00007ffc08b82000 	C:\WINDOWS\System32\bcryptPrimitives.dll
0x00007ffc0b3a0000 - 0x00007ffc0b3cd000 	C:\WINDOWS\System32\IMM32.DLL
0x000000005cf80000 - 0x000000005d052000 	C:\Program Files\Android\Android Studio\jre\jre\bin\msvcr100.dll
0x000000005d2f0000 - 0x000000005db2f000 	C:\Program Files\Android\Android Studio\jre\jre\bin\server\jvm.dll
0x00007ffc0b570000 - 0x00007ffc0b578000 	C:\WINDOWS\System32\PSAPI.DLL
0x00007ffc06620000 - 0x00007ffc06629000 	C:\WINDOWS\SYSTEM32\WSOCK32.dll
0x00007ffc0b660000 - 0x00007ffc0b6cc000 	C:\WINDOWS\System32\WS2_32.dll
0x00007ffc07580000 - 0x00007ffc0758a000 	C:\WINDOWS\SYSTEM32\VERSION.dll
0x00007ffc05770000 - 0x00007ffc05793000 	C:\WINDOWS\SYSTEM32\WINMM.dll
0x00007ffc05710000 - 0x00007ffc0573a000 	C:\WINDOWS\SYSTEM32\winmmbase.dll
0x00007ffc08750000 - 0x00007ffc0879a000 	C:\WINDOWS\System32\cfgmgr32.dll
0x00007ffbf2670000 - 0x00007ffbf267f000 	C:\Program Files\Android\Android Studio\jre\jre\bin\verify.dll
0x00007ffbe5040000 - 0x00007ffbe5069000 	C:\Program Files\Android\Android Studio\jre\jre\bin\java.dll
0x00007ffbe19b0000 - 0x00007ffbe19c6000 	C:\Program Files\Android\Android Studio\jre\jre\bin\zip.dll
0x00007ffc09ca0000 - 0x00007ffc0b0d8000 	C:\WINDOWS\System32\SHELL32.dll
0x00007ffc0b0e0000 - 0x00007ffc0b186000 	C:\WINDOWS\System32\shcore.dll
0x00007ffc08c10000 - 0x00007ffc09357000 	C:\WINDOWS\System32\windows.storage.dll
0x00007ffc0be50000 - 0x00007ffc0bea1000 	C:\WINDOWS\System32\shlwapi.dll
0x00007ffc08300000 - 0x00007ffc08311000 	C:\WINDOWS\System32\kernel.appcore.dll
0x00007ffc082b0000 - 0x00007ffc082fc000 	C:\WINDOWS\System32\powrprof.dll
0x00007ffc08320000 - 0x00007ffc0833b000 	C:\WINDOWS\System32\profapi.dll
0x00007ffc07c90000 - 0x00007ffc07ca7000 	C:\WINDOWS\SYSTEM32\CRYPTSP.dll
0x00007ffc076c0000 - 0x00007ffc076f3000 	C:\WINDOWS\system32\rsaenh.dll
0x00007ffc07d90000 - 0x00007ffc07db5000 	C:\WINDOWS\SYSTEM32\bcrypt.dll
0x00007ffc081c0000 - 0x00007ffc081e9000 	C:\WINDOWS\SYSTEM32\USERENV.dll
0x00007ffc07c80000 - 0x00007ffc07c8b000 	C:\WINDOWS\SYSTEM32\CRYPTBASE.dll
0x00007ffbd05d0000 - 0x00007ffbd05ea000 	C:\Program Files\Android\Android Studio\jre\jre\bin\net.dll
0x00007ffc07ac0000 - 0x00007ffc07b26000 	C:\WINDOWS\system32\mswsock.dll
0x00007ffc07850000 - 0x00007ffc07889000 	C:\WINDOWS\SYSTEM32\IPHLPAPI.DLL
0x00007ffc0b650000 - 0x00007ffc0b658000 	C:\WINDOWS\System32\NSI.dll
0x00007ffbfcc60000 - 0x00007ffbfcc76000 	C:\WINDOWS\SYSTEM32\dhcpcsvc6.DLL
0x00007ffbfc860000 - 0x00007ffbfc87a000 	C:\WINDOWS\SYSTEM32\dhcpcsvc.DLL
0x00007ffbcf2e0000 - 0x00007ffbcf2f1000 	C:\Program Files\Android\Android Studio\jre\jre\bin\nio.dll

VM Arguments:
jvm_args: -Djava.awt.headless=true -Xmx64M -Dfile.encoding=windows-1252 -Duser.country=CR -Duser.language=es -Duser.variant 
java_command: com.google.devtools.build.android.desugar.Desugar --input C:\Users\JosueAndroid\AndroidStudioProjects\FriendTec\app\build\intermediates\transforms\stackFramesFixer\debug\10.jar --output C:\Users\JosueAndroid\AndroidStudioProjects\FriendTec\app\build\intermediates\transforms\desugar\debug\11.jar --input C:\Users\JosueAndroid\AndroidStudioProjects\FriendTec\app\build\intermediates\transforms\stackFramesFixer\debug\22.jar --output C:\Users\JosueAndroid\AndroidStudioProjects\FriendTec\app\build\intermediates\transforms\desugar\debug\23.jar --input C:\Users\JosueAndroid\AndroidStudioProjects\FriendTec\app\build\intermediates\transforms\stackFramesFixer\debug\27.jar --output C:\Users\JosueAndroid\AndroidStudioProjects\FriendTec\app\build\intermediates\transforms\desugar\debug\28.jar --input C:\Users\JosueAndroid\AndroidStudioProjects\FriendTec\app\build\intermediates\transforms\stackFramesFixer\debug\3.jar --output C:\Users\JosueAndroid\AndroidStudioProjects\FriendTec\app\build\intermediates\transforms\desugar\debug\4.jar --input C:\Users\JosueAndroid\AndroidStudioProjects\FriendTec\app\build\intermediates\transforms\stackFramesFixer\debug\23.jar --output C:\Users\JosueAndroid\AndroidStudioProjects\FriendTec\app\build\intermediates\transforms\desugar\debug\24.jar --input C:\Users\JosueAndroid\AndroidStudioProjects\FriendTec\app\build\intermediates\transforms\stackFramesFixer\debug\1.jar --output C:\Users\JosueAndroid\AndroidStudioProjects\FriendTec\app\build\intermediates\transforms\desugar\debug\2.jar --input C:\Users\JosueAndroid\AndroidStudioProjects\FriendTec\app\build\intermediates\transforms\stackFramesFixer\debug\0.jar --output C:\Users\JosueAndroid\AndroidStudioProjects\FriendTec\app\build\intermediates\transforms\desugar\debug\1.jar --input C:\Users\JosueAndroid\AndroidStudioProjects\FriendTec\app\build\intermediates\transforms\stackFramesFixer\debug\13.jar --output C:\Users\JosueAndroid\AndroidStudioProjects\FriendTec\app\build\intermediates\tran
java_class_path (initial): C:\Users\JosueAndroid\AppData\Local\Temp\desugar_deploy.jar2961193350313279404
Launcher Type: SUN_STANDARD

Environment Variables:
PATH=C:\Users\Josué\Desktop\sonar-scanner-cli-3.1.0.1141-windows\sonar-scanner-3.1.0.1141-windows\bin;C:\Program Files\Git\cmd;C:\Program Files\heroku\bin;C:\Program Files (x86)\git\cmd;C:\Program Files (x86)\Git\cmd;C:\Rails_Installer\Git\cmd;C:\Rails_Installer\Ruby2.2.0\bin;C:\Program Files\Git\cmd;C:\Users\JosueAndroid\AppData\Local\Microsoft\WindowsApps;C:\Program Files\heroku\bin;
USERNAME=JosueAndroid
OS=Windows_NT
PROCESSOR_IDENTIFIER=AMD64 Family 22 Model 48 Stepping 1, AuthenticAMD



---------------  S Y S T E M  ---------------

OS: Windows 10.0 , 64 bit Build 16299 (10.0.16299.431)

CPU:total 4 (initial active 4) (4 cores per cpu, 1 threads per core) family 22 model 48 stepping 1, cmov, cx8, fxsr, mmx, sse, sse2, sse3, ssse3, sse4.1, sse4.2, popcnt, avx, aes, clmul, mmxext, 3dnowpref, lzcnt, sse4a, tsc, tscinvbit, tscinv, bmi1

Memory: 4k page, physical 11468284k(1949744k free), swap 18869848k(392k free)

vm_info: OpenJDK 64-Bit Server VM (25.152-b02) for windows-amd64 JRE (1.8.0_152-release-1024-b02), built by "builder" with MS VC++ 10.0 (VS2010)

time: Mon Jun 11 04:22:14 2018
elapsed time: 6 seconds (0d 0h 0m 6s)

